#
# A fatal error has been detected by the Java Runtime Environment:
#
#  EXCEPTION_ACCESS_VIOLATION (0xc0000005) at pc=0x00007ffbd9d9b3f7, pid=4068, tid=22836
#
# JRE version: OpenJDK Runtime Environment (16.0.2+7) (build 16.0.2+7-67)
# Java VM: OpenJDK 64-Bit Server VM (16.0.2+7-67, mixed mode, tiered, compressed oops, compressed class ptrs, g1 gc, windows-amd64)
# Problematic frame:
# V  [jvm.dll+0x61b3f7]
#
# No core dump will be written. Minidumps are not enabled by default on client versions of Windows
#
# If you would like to submit a bug report, please visit:
#   https://bugreport.java.com/bugreport/crash.jsp
#

---------------  S U M M A R Y ------------

Command Line: -XX:+ShowCodeDetailsInExceptionMessages -agentlib:jdwp=transport=dt_socket,suspend=y,address=localhost:57993 -javaagent:C:\Users\charb\OneDrive\Desktop\eclipse\configuration\org.eclipse.osgi\222\0\.cp\lib\javaagent-shaded.jar -Dfile.encoding=Cp1252 edu.iastate.cs228.hw1.ISPBusiness

Host: Intel(R) Core(TM) i7-1065G7 CPU @ 1.30GHz, 8 cores, 15G,  Windows 10 , 64 bit Build 19041 (10.0.19041.1202)
Time: Thu Sep 23 12:54:53 2021 Central Daylight Time elapsed time: 8606.981549 seconds (0d 2h 23m 26s)

---------------  T H R E A D  ---------------

Current thread (0x0000014302b5e6c0):  JavaThread "JDWP Transport Listener: dt_socket" daemon [_thread_in_vm, id=22836, stack(0x00000014fb000000,0x00000014fb100000)] _threads_hazard_ptr=0x0000014303151440, _nested_threads_hazard_ptr=0x0000014303151440

Stack: [0x00000014fb000000,0x00000014fb100000],  sp=0x00000014fb0fdc80,  free space=1015k
Native frames: (J=compiled Java code, j=interpreted, Vv=VM code, C=native code)
V  [jvm.dll+0x61b3f7]
V  [jvm.dll+0x50dc71]
V  [jvm.dll+0x50b3b0]
V  [jvm.dll+0x342329]
V  [jvm.dll+0x34324d]
V  [jvm.dll+0x342a7d]
V  [jvm.dll+0x5054b3]
V  [jvm.dll+0x4cab39]
C  [jdwp.dll+0x8f6b]


siginfo: EXCEPTION_ACCESS_VIOLATION (0xc0000005), reading address 0x00000143cac3bb58


Register to memory mapping:

RIP=0x00007ffbd9d9b3f7 jvm.dll
RAX=0x00000143cac3bb50 is an unknown value
RBX={method} {0x0000014303c3bc90} 
[error occurred during error reporting (printing register info), id 0xc0000005, EXCEPTION_ACCESS_VIOLATION (0xc0000005) at pc=0x00007ffbd9d9d63a]

Registers:
RAX=0x00000143cac3bb50, RBX=0x0000014303c3bc88, RCX=0x0000014303c3bc88, RDX=0x00000014fb0fdca0
RSP=0x00000014fb0fdc80, RBP=0x0000014302b5e6c0, RSI=0x0000000000000001, RDI=0x00000143636ffe70
R8 =0x0000014302ac3010, R9 =0x00000014fb0fdd50, R10=0x0000000000000000, R11=0x0000000000000000
R12=0x0000014303134f10, R13=0x0000014302ac3ad0, R14=0x0000000000000000, R15=0x000001430287f660
RIP=0x00007ffbd9d9b3f7, EFLAGS=0x0000000000010202

Top of Stack: (sp=0x00000014fb0fdc80)
0x00000014fb0fdc80:   0000014303c3bc88 0000000000000001
0x00000014fb0fdc90:   0000014366c28e10 0000014300000000
0x00000014fb0fdca0:   0000014303c3bc88 0000014302b5e6c0
0x00000014fb0fdcb0:   0000000000000000 00007ffbd9c8dc71
0x00000014fb0fdcc0:   0000014303c3bc88 00000143028de1c0
0x00000014fb0fdcd0:   0000000000000000 0000000000000134
0x00000014fb0fdce0:   000001430287f660 00007ffb00000001
0x00000014fb0fdcf0:   00000000000003d8 000001430287f670
0x00000014fb0fdd00:   000001430287fa48 00000014fb0ff400
0x00000014fb0fdd10:   0000014302b5e6c0 0000014302ac3010
0x00000014fb0fdd20:   000001430287e640 000001430287e650
0x00000014fb0fdd30:   000001430287e728 00000000000000d8
0x00000014fb0fdd40:   00000014fb0ff730 00000143028de1c0
0x00000014fb0fdd50:   00000014f9fff178 00000014f9fff130
0x00000014fb0fdd60:   0000000000000000 00007ffbd9cb21b3
0x00000014fb0fdd70:   0000000000000000 0000000000000000 

Instructions: (pc=0x00007ffbd9d9b3f7)
0x00007ffbd9d9b2f7:   cc cc cc cc cc cc cc cc cc 4c 8b 49 08 45 0f b7
0x00007ffbd9d9b307:   41 28 45 85 c0 74 73 b8 cd cc cc cc 41 f7 e0 c1
0x00007ffbd9d9b317:   ea 02 8d 0c 92 44 3b c1 75 60 41 80 79 38 2a 49
0x00007ffbd9d9b327:   8d 49 38 75 55 80 79 01 b7 75 4f 49 ff c8 41 80
0x00007ffbd9d9b337:   3c 08 b1 75 45 49 83 f8 04 7e 3c 49 c7 c1 fe ff
0x00007ffbd9d9b347:   ff ff 48 8d 41 06 4c 2b c9 80 78 fe 2a 75 2b 0f
0x00007ffbd9d9b357:   b6 50 ff 8d 4a ff f6 c1 f5 75 05 80 fa 09 75 05
0x00007ffbd9d9b367:   80 fa 0e 75 15 80 38 b5 75 10 48 83 c0 05 49 8d
0x00007ffbd9d9b377:   0c 01 49 3b c8 7c d2 b0 01 c3 32 c0 c3 cc cc cc
0x00007ffbd9d9b387:   cc cc cc cc cc cc cc cc cc 48 89 5c 24 10 57 48
0x00007ffbd9d9b397:   83 ec 30 65 48 8b 04 25 58 00 00 00 48 8b d9 8b
0x00007ffbd9d9b3a7:   15 1c a5 4f 00 48 8b 3c d0 b8 40 00 00 00 80 3c
0x00007ffbd9d9b3b7:   38 00 75 05 e8 8c 8c 20 00 b9 10 00 00 00 48 89
0x00007ffbd9d9b3c7:   5c 24 20 48 8b 0c 39 48 89 4c 24 28 48 85 db 74
0x00007ffbd9d9b3d7:   16 48 8b 89 88 02 00 00 48 8d 54 24 40 48 89 5c
0x00007ffbd9d9b3e7:   24 40 e8 12 f3 9e ff 48 8b 43 08 48 8d 54 24 20
0x00007ffbd9d9b3f7:   48 8b 48 08 48 8b 49 18 e8 dc a3 d4 ff 48 8d 4c
0x00007ffbd9d9b407:   24 20 48 8b d8 e8 af 68 d2 ff 48 8b c3 48 8b 5c
0x00007ffbd9d9b417:   24 48 48 83 c4 30 5f c3 cc 40 53 48 83 ec 20 48
0x00007ffbd9d9b427:   8b 81 98 00 00 00 48 8b d9 48 8b 48 08 48 85 c9
0x00007ffbd9d9b437:   74 39 ff 15 e1 db 44 00 48 85 c0 74 2e 48 8b 83
0x00007ffbd9d9b447:   98 00 00 00 48 8b 48 08 48 85 c9 75 04 33 c0 eb
0x00007ffbd9d9b457:   06 ff 15 c2 db 44 00 48 8b c8 e8 0a 5c 12 00 84
0x00007ffbd9d9b467:   c0 75 08 33 c0 48 83 c4 20 5b c3 48 8b 4b 18 48
0x00007ffbd9d9b477:   83 c4 20 5b e9 50 51 1b 00 48 8b 41 08 48 8b 48
0x00007ffbd9d9b487:   08 48 8b 41 18 48 8b 40 18 c3 cc cc cc cc cc cc
0x00007ffbd9d9b497:   cc cc cc cc cc cc cc cc cc 48 89 5c 24 08 48 89
0x00007ffbd9d9b4a7:   74 24 10 57 48 83 ec 40 33 ff be ff ff ff ff 3b
0x00007ffbd9d9b4b7:   d6 8b df 0f 45 da 85 db 0f 88 be 00 00 00 48 8b
0x00007ffbd9d9b4c7:   49 08 0f b7 41 28 3b d8 0f 8d ae 00 00 00 f6 41
0x00007ffbd9d9b4d7:   24 01 0f 84 a4 00 00 00 e8 6c bd c1 ff 8b d7 48
0x00007ffbd9d9b4e7:   89 44 24 20 89 54 24 30 4c 8b d0 44 8b cf 89 7c 


Stack slot to memory mapping:
stack at sp + 0 slots: {method} {0x0000014303c3bc90} 
[error occurred during error reporting (inspecting top of stack), id 0xc0000005, EXCEPTION_ACCESS_VIOLATION (0xc0000005) at pc=0x00007ffbd9d9d63a]


---------------  P R O C E S S  ---------------

Threads class SMR info:
_java_thread_list=0x0000014303151440, length=15, elements={
0x000001436369b910, 0x000001430281a0a0, 0x000001430281abb0, 0x0000014302847d40,
0x000001437ffb80a0, 0x0000014302848870, 0x00000143028667b0, 0x000001430286b490,
0x0000014302873df0, 0x000001430287cce0, 0x000001430299a250, 0x0000014302b5e6c0,
0x0000014302b8abe0, 0x0000014302b8b120, 0x00000143030d9930
}

Java Threads: ( => current thread )
  0x000001436369b910 JavaThread "main" [_thread_blocked, id=3160, stack(0x00000014f9f00000,0x00000014fa000000)]
  0x000001430281a0a0 JavaThread "Reference Handler" daemon [_thread_blocked, id=20136, stack(0x00000014fa600000,0x00000014fa700000)]
  0x000001430281abb0 JavaThread "Finalizer" daemon [_thread_blocked, id=4148, stack(0x00000014fa700000,0x00000014fa800000)]
  0x0000014302847d40 JavaThread "Signal Dispatcher" daemon [_thread_blocked, id=22244, stack(0x00000014fa800000,0x00000014fa900000)]
  0x000001437ffb80a0 JavaThread "Attach Listener" daemon [_thread_blocked, id=8420, stack(0x00000014fa900000,0x00000014faa00000)]
  0x0000014302848870 JavaThread "Service Thread" daemon [_thread_blocked, id=22548, stack(0x00000014faa00000,0x00000014fab00000)]
  0x00000143028667b0 JavaThread "Monitor Deflation Thread" daemon [_thread_blocked, id=15612, stack(0x00000014fab00000,0x00000014fac00000)]
  0x000001430286b490 JavaThread "C2 CompilerThread0" daemon [_thread_blocked, id=10168, stack(0x00000014fac00000,0x00000014fad00000)]
  0x0000014302873df0 JavaThread "C1 CompilerThread0" daemon [_thread_blocked, id=17848, stack(0x00000014fad00000,0x00000014fae00000)]
  0x000001430287cce0 JavaThread "Sweeper thread" daemon [_thread_blocked, id=9220, stack(0x00000014fae00000,0x00000014faf00000)]
  0x000001430299a250 JavaThread "Common-Cleaner" daemon [_thread_blocked, id=23472, stack(0x00000014faf00000,0x00000014fb000000)]
=>0x0000014302b5e6c0 JavaThread "JDWP Transport Listener: dt_socket" daemon [_thread_in_vm, id=22836, stack(0x00000014fb000000,0x00000014fb100000)], _nested_threads_hazard_ptr=0x0000014303151440
  0x0000014302b8abe0 JavaThread "JDWP Event Helper Thread" daemon [_thread_blocked, id=10592, stack(0x00000014fb100000,0x00000014fb200000)]
  0x0000014302b8b120 JavaThread "JDWP Command Reader" daemon [_thread_in_native, id=20232, stack(0x00000014fb200000,0x00000014fb300000)]
  0x00000143030d9930 JavaThread "Notification Thread" daemon [_thread_blocked, id=22280, stack(0x00000014fb300000,0x00000014fb400000)]

Other Threads:
  0x0000014302816a00 VMThread "VM Thread" [stack: 0x00000014fa500000,0x00000014fa600000] [id=9124]
  0x0000014302847920 WatcherThread [stack: 0x00000014fb400000,0x00000014fb500000] [id=21952]
  0x00000143636ebb70 GCTaskThread "GC Thread#0" [stack: 0x00000014fa000000,0x00000014fa100000] [id=22000]
  0x00000143636fd710 ConcurrentGCThread "G1 Main Marker" [stack: 0x00000014fa100000,0x00000014fa200000] [id=20228]
  0x00000143636fe090 ConcurrentGCThread "G1 Conc#0" [stack: 0x00000014fa200000,0x00000014fa300000] [id=8232]
  0x000001437fe224c0 ConcurrentGCThread "G1 Refine#0" [stack: 0x00000014fa300000,0x00000014fa400000] [id=4660]
  0x000001437fe22e50 ConcurrentGCThread "G1 Service" [stack: 0x00000014fa400000,0x00000014fa500000] [id=13096]

Threads with active compile tasks:

VM state: not at safepoint (normal execution)

VM Mutex/Monitor currently owned by a thread: None

Heap address: 0x0000000703c00000, size: 4036 MB, Compressed Oops mode: Zero based, Oop shift amount: 3

CDS disabled.
Compressed class space mapped at: 0x0000000800000000-0x0000000840000000, reserved size: 1073741824
Narrow klass base: 0x0000000800000000, Narrow klass shift: 0, Narrow klass range: 0x40000000

GC Precious Log:
 CPUs: 8 total, 8 available
 Memory: 16138M
 Large Page Support: Disabled
 NUMA Support: Disabled
 Compressed Oops: Enabled (Zero based)
 Heap Region Size: 2M
 Heap Min Capacity: 8M
 Heap Initial Capacity: 254M
 Heap Max Capacity: 4036M
 Pre-touch: Disabled
 Parallel Workers: 8
 Concurrent Workers: 2
 Concurrent Refinement Workers: 8
 Periodic GC: Disabled

Heap:
 garbage-first heap   total 260096K, used 6144K [0x0000000703c00000, 0x0000000800000000)
  region size 2048K, 4 young (8192K), 0 survivors (0K)
 Metaspace       used 10188K, committed 10368K, reserved 1064960K
  class space    used 873K, committed 960K, reserved 1048576K

Heap Regions: E=young(eden), S=young(survivor), O=old, HS=humongous(starts), HC=humongous(continues), CS=collection set, F=free, OA=open archive, CA=closed archive, TAMS=top-at-mark-start (previous, next)
|   0|0x0000000703c00000, 0x0000000703c00000, 0x0000000703e00000|  0%| F|  |TAMS 0x0000000703c00000, 0x0000000703c00000| Untracked 
|   1|0x0000000703e00000, 0x0000000703e00000, 0x0000000704000000|  0%| F|  |TAMS 0x0000000703e00000, 0x0000000703e00000| Untracked 
|   2|0x0000000704000000, 0x0000000704000000, 0x0000000704200000|  0%| F|  |TAMS 0x0000000704000000, 0x0000000704000000| Untracked 
|   3|0x0000000704200000, 0x0000000704200000, 0x0000000704400000|  0%| F|  |TAMS 0x0000000704200000, 0x0000000704200000| Untracked 
|   4|0x0000000704400000, 0x0000000704400000, 0x0000000704600000|  0%| F|  |TAMS 0x0000000704400000, 0x0000000704400000| Untracked 
|   5|0x0000000704600000, 0x0000000704600000, 0x0000000704800000|  0%| F|  |TAMS 0x0000000704600000, 0x0000000704600000| Untracked 
|   6|0x0000000704800000, 0x0000000704800000, 0x0000000704a00000|  0%| F|  |TAMS 0x0000000704800000, 0x0000000704800000| Untracked 
|   7|0x0000000704a00000, 0x0000000704a00000, 0x0000000704c00000|  0%| F|  |TAMS 0x0000000704a00000, 0x0000000704a00000| Untracked 
|   8|0x0000000704c00000, 0x0000000704c00000, 0x0000000704e00000|  0%| F|  |TAMS 0x0000000704c00000, 0x0000000704c00000| Untracked 
|   9|0x0000000704e00000, 0x0000000704e00000, 0x0000000705000000|  0%| F|  |TAMS 0x0000000704e00000, 0x0000000704e00000| Untracked 
|  10|0x0000000705000000, 0x0000000705000000, 0x0000000705200000|  0%| F|  |TAMS 0x0000000705000000, 0x0000000705000000| Untracked 
|  11|0x0000000705200000, 0x0000000705200000, 0x0000000705400000|  0%| F|  |TAMS 0x0000000705200000, 0x0000000705200000| Untracked 
|  12|0x0000000705400000, 0x0000000705400000, 0x0000000705600000|  0%| F|  |TAMS 0x0000000705400000, 0x0000000705400000| Untracked 
|  13|0x0000000705600000, 0x0000000705600000, 0x0000000705800000|  0%| F|  |TAMS 0x0000000705600000, 0x0000000705600000| Untracked 
|  14|0x0000000705800000, 0x0000000705800000, 0x0000000705a00000|  0%| F|  |TAMS 0x0000000705800000, 0x0000000705800000| Untracked 
|  15|0x0000000705a00000, 0x0000000705a00000, 0x0000000705c00000|  0%| F|  |TAMS 0x0000000705a00000, 0x0000000705a00000| Untracked 
|  16|0x0000000705c00000, 0x0000000705c00000, 0x0000000705e00000|  0%| F|  |TAMS 0x0000000705c00000, 0x0000000705c00000| Untracked 
|  17|0x0000000705e00000, 0x0000000705e00000, 0x0000000706000000|  0%| F|  |TAMS 0x0000000705e00000, 0x0000000705e00000| Untracked 
|  18|0x0000000706000000, 0x0000000706000000, 0x0000000706200000|  0%| F|  |TAMS 0x0000000706000000, 0x0000000706000000| Untracked 
|  19|0x0000000706200000, 0x0000000706200000, 0x0000000706400000|  0%| F|  |TAMS 0x0000000706200000, 0x0000000706200000| Untracked 
|  20|0x0000000706400000, 0x0000000706400000, 0x0000000706600000|  0%| F|  |TAMS 0x0000000706400000, 0x0000000706400000| Untracked 
|  21|0x0000000706600000, 0x0000000706600000, 0x0000000706800000|  0%| F|  |TAMS 0x0000000706600000, 0x0000000706600000| Untracked 
|  22|0x0000000706800000, 0x0000000706800000, 0x0000000706a00000|  0%| F|  |TAMS 0x0000000706800000, 0x0000000706800000| Untracked 
|  23|0x0000000706a00000, 0x0000000706a00000, 0x0000000706c00000|  0%| F|  |TAMS 0x0000000706a00000, 0x0000000706a00000| Untracked 
|  24|0x0000000706c00000, 0x0000000706c00000, 0x0000000706e00000|  0%| F|  |TAMS 0x0000000706c00000, 0x0000000706c00000| Untracked 
|  25|0x0000000706e00000, 0x0000000706e00000, 0x0000000707000000|  0%| F|  |TAMS 0x0000000706e00000, 0x0000000706e00000| Untracked 
|  26|0x0000000707000000, 0x0000000707000000, 0x0000000707200000|  0%| F|  |TAMS 0x0000000707000000, 0x0000000707000000| Untracked 
|  27|0x0000000707200000, 0x0000000707200000, 0x0000000707400000|  0%| F|  |TAMS 0x0000000707200000, 0x0000000707200000| Untracked 
|  28|0x0000000707400000, 0x0000000707400000, 0x0000000707600000|  0%| F|  |TAMS 0x0000000707400000, 0x0000000707400000| Untracked 
|  29|0x0000000707600000, 0x0000000707600000, 0x0000000707800000|  0%| F|  |TAMS 0x0000000707600000, 0x0000000707600000| Untracked 
|  30|0x0000000707800000, 0x0000000707800000, 0x0000000707a00000|  0%| F|  |TAMS 0x0000000707800000, 0x0000000707800000| Untracked 
|  31|0x0000000707a00000, 0x0000000707a00000, 0x0000000707c00000|  0%| F|  |TAMS 0x0000000707a00000, 0x0000000707a00000| Untracked 
|  32|0x0000000707c00000, 0x0000000707c00000, 0x0000000707e00000|  0%| F|  |TAMS 0x0000000707c00000, 0x0000000707c00000| Untracked 
|  33|0x0000000707e00000, 0x0000000707e00000, 0x0000000708000000|  0%| F|  |TAMS 0x0000000707e00000, 0x0000000707e00000| Untracked 
|  34|0x0000000708000000, 0x0000000708000000, 0x0000000708200000|  0%| F|  |TAMS 0x0000000708000000, 0x0000000708000000| Untracked 
|  35|0x0000000708200000, 0x0000000708200000, 0x0000000708400000|  0%| F|  |TAMS 0x0000000708200000, 0x0000000708200000| Untracked 
|  36|0x0000000708400000, 0x0000000708400000, 0x0000000708600000|  0%| F|  |TAMS 0x0000000708400000, 0x0000000708400000| Untracked 
|  37|0x0000000708600000, 0x0000000708600000, 0x0000000708800000|  0%| F|  |TAMS 0x0000000708600000, 0x0000000708600000| Untracked 
|  38|0x0000000708800000, 0x0000000708800000, 0x0000000708a00000|  0%| F|  |TAMS 0x0000000708800000, 0x0000000708800000| Untracked 
|  39|0x0000000708a00000, 0x0000000708a00000, 0x0000000708c00000|  0%| F|  |TAMS 0x0000000708a00000, 0x0000000708a00000| Untracked 
|  40|0x0000000708c00000, 0x0000000708c00000, 0x0000000708e00000|  0%| F|  |TAMS 0x0000000708c00000, 0x0000000708c00000| Untracked 
|  41|0x0000000708e00000, 0x0000000708e00000, 0x0000000709000000|  0%| F|  |TAMS 0x0000000708e00000, 0x0000000708e00000| Untracked 
|  42|0x0000000709000000, 0x0000000709000000, 0x0000000709200000|  0%| F|  |TAMS 0x0000000709000000, 0x0000000709000000| Untracked 
|  43|0x0000000709200000, 0x0000000709200000, 0x0000000709400000|  0%| F|  |TAMS 0x0000000709200000, 0x0000000709200000| Untracked 
|  44|0x0000000709400000, 0x0000000709400000, 0x0000000709600000|  0%| F|  |TAMS 0x0000000709400000, 0x0000000709400000| Untracked 
|  45|0x0000000709600000, 0x0000000709600000, 0x0000000709800000|  0%| F|  |TAMS 0x0000000709600000, 0x0000000709600000| Untracked 
|  46|0x0000000709800000, 0x0000000709800000, 0x0000000709a00000|  0%| F|  |TAMS 0x0000000709800000, 0x0000000709800000| Untracked 
|  47|0x0000000709a00000, 0x0000000709a00000, 0x0000000709c00000|  0%| F|  |TAMS 0x0000000709a00000, 0x0000000709a00000| Untracked 
|  48|0x0000000709c00000, 0x0000000709c00000, 0x0000000709e00000|  0%| F|  |TAMS 0x0000000709c00000, 0x0000000709c00000| Untracked 
|  49|0x0000000709e00000, 0x0000000709e00000, 0x000000070a000000|  0%| F|  |TAMS 0x0000000709e00000, 0x0000000709e00000| Untracked 
|  50|0x000000070a000000, 0x000000070a000000, 0x000000070a200000|  0%| F|  |TAMS 0x000000070a000000, 0x000000070a000000| Untracked 
|  51|0x000000070a200000, 0x000000070a200000, 0x000000070a400000|  0%| F|  |TAMS 0x000000070a200000, 0x000000070a200000| Untracked 
|  52|0x000000070a400000, 0x000000070a400000, 0x000000070a600000|  0%| F|  |TAMS 0x000000070a400000, 0x000000070a400000| Untracked 
|  53|0x000000070a600000, 0x000000070a600000, 0x000000070a800000|  0%| F|  |TAMS 0x000000070a600000, 0x000000070a600000| Untracked 
|  54|0x000000070a800000, 0x000000070a800000, 0x000000070aa00000|  0%| F|  |TAMS 0x000000070a800000, 0x000000070a800000| Untracked 
|  55|0x000000070aa00000, 0x000000070aa00000, 0x000000070ac00000|  0%| F|  |TAMS 0x000000070aa00000, 0x000000070aa00000| Untracked 
|  56|0x000000070ac00000, 0x000000070ac00000, 0x000000070ae00000|  0%| F|  |TAMS 0x000000070ac00000, 0x000000070ac00000| Untracked 
|  57|0x000000070ae00000, 0x000000070ae00000, 0x000000070b000000|  0%| F|  |TAMS 0x000000070ae00000, 0x000000070ae00000| Untracked 
|  58|0x000000070b000000, 0x000000070b000000, 0x000000070b200000|  0%| F|  |TAMS 0x000000070b000000, 0x000000070b000000| Untracked 
|  59|0x000000070b200000, 0x000000070b200000, 0x000000070b400000|  0%| F|  |TAMS 0x000000070b200000, 0x000000070b200000| Untracked 
|  60|0x000000070b400000, 0x000000070b400000, 0x000000070b600000|  0%| F|  |TAMS 0x000000070b400000, 0x000000070b400000| Untracked 
|  61|0x000000070b600000, 0x000000070b600000, 0x000000070b800000|  0%| F|  |TAMS 0x000000070b600000, 0x000000070b600000| Untracked 
|  62|0x000000070b800000, 0x000000070b800000, 0x000000070ba00000|  0%| F|  |TAMS 0x000000070b800000, 0x000000070b800000| Untracked 
|  63|0x000000070ba00000, 0x000000070ba00000, 0x000000070bc00000|  0%| F|  |TAMS 0x000000070ba00000, 0x000000070ba00000| Untracked 
|  64|0x000000070bc00000, 0x000000070bc00000, 0x000000070be00000|  0%| F|  |TAMS 0x000000070bc00000, 0x000000070bc00000| Untracked 
|  65|0x000000070be00000, 0x000000070be00000, 0x000000070c000000|  0%| F|  |TAMS 0x000000070be00000, 0x000000070be00000| Untracked 
|  66|0x000000070c000000, 0x000000070c000000, 0x000000070c200000|  0%| F|  |TAMS 0x000000070c000000, 0x000000070c000000| Untracked 
|  67|0x000000070c200000, 0x000000070c200000, 0x000000070c400000|  0%| F|  |TAMS 0x000000070c200000, 0x000000070c200000| Untracked 
|  68|0x000000070c400000, 0x000000070c400000, 0x000000070c600000|  0%| F|  |TAMS 0x000000070c400000, 0x000000070c400000| Untracked 
|  69|0x000000070c600000, 0x000000070c600000, 0x000000070c800000|  0%| F|  |TAMS 0x000000070c600000, 0x000000070c600000| Untracked 
|  70|0x000000070c800000, 0x000000070c800000, 0x000000070ca00000|  0%| F|  |TAMS 0x000000070c800000, 0x000000070c800000| Untracked 
|  71|0x000000070ca00000, 0x000000070ca00000, 0x000000070cc00000|  0%| F|  |TAMS 0x000000070ca00000, 0x000000070ca00000| Untracked 
|  72|0x000000070cc00000, 0x000000070cc00000, 0x000000070ce00000|  0%| F|  |TAMS 0x000000070cc00000, 0x000000070cc00000| Untracked 
|  73|0x000000070ce00000, 0x000000070ce00000, 0x000000070d000000|  0%| F|  |TAMS 0x000000070ce00000, 0x000000070ce00000| Untracked 
|  74|0x000000070d000000, 0x000000070d000000, 0x000000070d200000|  0%| F|  |TAMS 0x000000070d000000, 0x000000070d000000| Untracked 
|  75|0x000000070d200000, 0x000000070d200000, 0x000000070d400000|  0%| F|  |TAMS 0x000000070d200000, 0x000000070d200000| Untracked 
|  76|0x000000070d400000, 0x000000070d400000, 0x000000070d600000|  0%| F|  |TAMS 0x000000070d400000, 0x000000070d400000| Untracked 
|  77|0x000000070d600000, 0x000000070d600000, 0x000000070d800000|  0%| F|  |TAMS 0x000000070d600000, 0x000000070d600000| Untracked 
|  78|0x000000070d800000, 0x000000070d800000, 0x000000070da00000|  0%| F|  |TAMS 0x000000070d800000, 0x000000070d800000| Untracked 
|  79|0x000000070da00000, 0x000000070da00000, 0x000000070dc00000|  0%| F|  |TAMS 0x000000070da00000, 0x000000070da00000| Untracked 
|  80|0x000000070dc00000, 0x000000070dc00000, 0x000000070de00000|  0%| F|  |TAMS 0x000000070dc00000, 0x000000070dc00000| Untracked 
|  81|0x000000070de00000, 0x000000070de00000, 0x000000070e000000|  0%| F|  |TAMS 0x000000070de00000, 0x000000070de00000| Untracked 
|  82|0x000000070e000000, 0x000000070e000000, 0x000000070e200000|  0%| F|  |TAMS 0x000000070e000000, 0x000000070e000000| Untracked 
|  83|0x000000070e200000, 0x000000070e200000, 0x000000070e400000|  0%| F|  |TAMS 0x000000070e200000, 0x000000070e200000| Untracked 
|  84|0x000000070e400000, 0x000000070e400000, 0x000000070e600000|  0%| F|  |TAMS 0x000000070e400000, 0x000000070e400000| Untracked 
|  85|0x000000070e600000, 0x000000070e600000, 0x000000070e800000|  0%| F|  |TAMS 0x000000070e600000, 0x000000070e600000| Untracked 
|  86|0x000000070e800000, 0x000000070e800000, 0x000000070ea00000|  0%| F|  |TAMS 0x000000070e800000, 0x000000070e800000| Untracked 
|  87|0x000000070ea00000, 0x000000070ea00000, 0x000000070ec00000|  0%| F|  |TAMS 0x000000070ea00000, 0x000000070ea00000| Untracked 
|  88|0x000000070ec00000, 0x000000070ec00000, 0x000000070ee00000|  0%| F|  |TAMS 0x000000070ec00000, 0x000000070ec00000| Untracked 
|  89|0x000000070ee00000, 0x000000070ee00000, 0x000000070f000000|  0%| F|  |TAMS 0x000000070ee00000, 0x000000070ee00000| Untracked 
|  90|0x000000070f000000, 0x000000070f000000, 0x000000070f200000|  0%| F|  |TAMS 0x000000070f000000, 0x000000070f000000| Untracked 
|  91|0x000000070f200000, 0x000000070f200000, 0x000000070f400000|  0%| F|  |TAMS 0x000000070f200000, 0x000000070f200000| Untracked 
|  92|0x000000070f400000, 0x000000070f400000, 0x000000070f600000|  0%| F|  |TAMS 0x000000070f400000, 0x000000070f400000| Untracked 
|  93|0x000000070f600000, 0x000000070f600000, 0x000000070f800000|  0%| F|  |TAMS 0x000000070f600000, 0x000000070f600000| Untracked 
|  94|0x000000070f800000, 0x000000070f800000, 0x000000070fa00000|  0%| F|  |TAMS 0x000000070f800000, 0x000000070f800000| Untracked 
|  95|0x000000070fa00000, 0x000000070fa00000, 0x000000070fc00000|  0%| F|  |TAMS 0x000000070fa00000, 0x000000070fa00000| Untracked 
|  96|0x000000070fc00000, 0x000000070fc00000, 0x000000070fe00000|  0%| F|  |TAMS 0x000000070fc00000, 0x000000070fc00000| Untracked 
|  97|0x000000070fe00000, 0x000000070fe00000, 0x0000000710000000|  0%| F|  |TAMS 0x000000070fe00000, 0x000000070fe00000| Untracked 
|  98|0x0000000710000000, 0x0000000710000000, 0x0000000710200000|  0%| F|  |TAMS 0x0000000710000000, 0x0000000710000000| Untracked 
|  99|0x0000000710200000, 0x0000000710200000, 0x0000000710400000|  0%| F|  |TAMS 0x0000000710200000, 0x0000000710200000| Untracked 
| 100|0x0000000710400000, 0x0000000710400000, 0x0000000710600000|  0%| F|  |TAMS 0x0000000710400000, 0x0000000710400000| Untracked 
| 101|0x0000000710600000, 0x0000000710600000, 0x0000000710800000|  0%| F|  |TAMS 0x0000000710600000, 0x0000000710600000| Untracked 
| 102|0x0000000710800000, 0x0000000710800000, 0x0000000710a00000|  0%| F|  |TAMS 0x0000000710800000, 0x0000000710800000| Untracked 
| 103|0x0000000710a00000, 0x0000000710a00000, 0x0000000710c00000|  0%| F|  |TAMS 0x0000000710a00000, 0x0000000710a00000| Untracked 
| 104|0x0000000710c00000, 0x0000000710c00000, 0x0000000710e00000|  0%| F|  |TAMS 0x0000000710c00000, 0x0000000710c00000| Untracked 
| 105|0x0000000710e00000, 0x0000000710e00000, 0x0000000711000000|  0%| F|  |TAMS 0x0000000710e00000, 0x0000000710e00000| Untracked 
| 106|0x0000000711000000, 0x0000000711000000, 0x0000000711200000|  0%| F|  |TAMS 0x0000000711000000, 0x0000000711000000| Untracked 
| 107|0x0000000711200000, 0x0000000711200000, 0x0000000711400000|  0%| F|  |TAMS 0x0000000711200000, 0x0000000711200000| Untracked 
| 108|0x0000000711400000, 0x0000000711400000, 0x0000000711600000|  0%| F|  |TAMS 0x0000000711400000, 0x0000000711400000| Untracked 
| 109|0x0000000711600000, 0x0000000711600000, 0x0000000711800000|  0%| F|  |TAMS 0x0000000711600000, 0x0000000711600000| Untracked 
| 110|0x0000000711800000, 0x0000000711800000, 0x0000000711a00000|  0%| F|  |TAMS 0x0000000711800000, 0x0000000711800000| Untracked 
| 111|0x0000000711a00000, 0x0000000711a00000, 0x0000000711c00000|  0%| F|  |TAMS 0x0000000711a00000, 0x0000000711a00000| Untracked 
| 112|0x0000000711c00000, 0x0000000711c00000, 0x0000000711e00000|  0%| F|  |TAMS 0x0000000711c00000, 0x0000000711c00000| Untracked 
| 113|0x0000000711e00000, 0x0000000711e00000, 0x0000000712000000|  0%| F|  |TAMS 0x0000000711e00000, 0x0000000711e00000| Untracked 
| 114|0x0000000712000000, 0x0000000712000000, 0x0000000712200000|  0%| F|  |TAMS 0x0000000712000000, 0x0000000712000000| Untracked 
| 115|0x0000000712200000, 0x0000000712200000, 0x0000000712400000|  0%| F|  |TAMS 0x0000000712200000, 0x0000000712200000| Untracked 
| 116|0x0000000712400000, 0x0000000712400000, 0x0000000712600000|  0%| F|  |TAMS 0x0000000712400000, 0x0000000712400000| Untracked 
| 117|0x0000000712600000, 0x0000000712600000, 0x0000000712800000|  0%| F|  |TAMS 0x0000000712600000, 0x0000000712600000| Untracked 
| 118|0x0000000712800000, 0x0000000712800000, 0x0000000712a00000|  0%| F|  |TAMS 0x0000000712800000, 0x0000000712800000| Untracked 
| 119|0x0000000712a00000, 0x0000000712a00000, 0x0000000712c00000|  0%| F|  |TAMS 0x0000000712a00000, 0x0000000712a00000| Untracked 
| 120|0x0000000712c00000, 0x0000000712c00000, 0x0000000712e00000|  0%| F|  |TAMS 0x0000000712c00000, 0x0000000712c00000| Untracked 
| 121|0x0000000712e00000, 0x0000000712e00000, 0x0000000713000000|  0%| F|  |TAMS 0x0000000712e00000, 0x0000000712e00000| Untracked 
| 122|0x0000000713000000, 0x0000000713000000, 0x0000000713200000|  0%| F|  |TAMS 0x0000000713000000, 0x0000000713000000| Untracked 
| 123|0x0000000713200000, 0x0000000713400000, 0x0000000713400000|100%| E|  |TAMS 0x0000000713200000, 0x0000000713200000| Complete 
| 124|0x0000000713400000, 0x0000000713600000, 0x0000000713600000|100%| E|CS|TAMS 0x0000000713400000, 0x0000000713400000| Complete 
| 125|0x0000000713600000, 0x0000000713800000, 0x0000000713800000|100%| E|CS|TAMS 0x0000000713600000, 0x0000000713600000| Complete 
| 126|0x0000000713800000, 0x0000000713a00000, 0x0000000713a00000|100%| E|CS|TAMS 0x0000000713800000, 0x0000000713800000| Complete 

Card table byte_map: [0x0000014376740000,0x0000014376f30000] _byte_map_base: 0x0000014372f22000

Marking Bits (Prev, Next): (CMBitMap*) 0x00000143636ed100, (CMBitMap*) 0x00000143636ed140
 Prev Bits: [0x0000014377720000, 0x000001437b630000)
 Next Bits: [0x000001437b630000, 0x000001437f540000)

Polling page: 0x00000143615a0000

Metaspace:

Usage:
  Non-class:      9.10 MB used.
      Class:    873.24 KB used.
       Both:      9.95 MB used.

Virtual space:
  Non-class space:       16.00 MB reserved,       9.19 MB ( 57%) committed,  2 nodes.
      Class space:        1.00 GB reserved,     960.00 KB ( <1%) committed,  1 nodes.
              Both:        1.02 GB reserved,      10.12 MB ( <1%) committed. 

Chunk freelists:
   Non-Class:  2.72 MB
       Class:  3.10 MB
        Both:  5.82 MB

MaxMetaspaceSize: 17179869184.00 GB
CompressedClassSpaceSize: 1.00 GB
 - commit_granule_bytes: 65536.
 - commit_granule_words: 8192.
 - virtual_space_node_default_size: 1048576.
 - enlarge_chunks_in_place: 1.
 - new_chunks_are_fully_committed: 0.
 - uncommit_free_chunks: 1.
 - use_allocation_guard: 0.
 - handle_deallocations: 1.


Internal statistics:

num_allocs_failed_limit: 0.
num_arena_births: 12.
num_arena_deaths: 0.
num_vsnodes_births: 3.
num_vsnodes_deaths: 0.
num_space_committed: 162.
num_space_uncommitted: 0.
num_chunks_returned_to_freelist: 0.
num_chunks_taken_from_freelist: 56.
num_chunk_merges: 0.
num_chunk_splits: 20.
num_chunks_enlarged: 13.
num_purges: 0.

CodeHeap 'non-profiled nmethods': size=120000Kb used=173Kb max_used=173Kb free=119826Kb
 bounds [0x000001436e6f0000, 0x000001436e960000, 0x0000014375c20000]
CodeHeap 'profiled nmethods': size=120000Kb used=703Kb max_used=703Kb free=119296Kb
 bounds [0x00000143671c0000, 0x0000014367430000, 0x000001436e6f0000]
CodeHeap 'non-nmethods': size=5760Kb used=1218Kb max_used=1234Kb free=4541Kb
 bounds [0x0000014366c20000, 0x0000014366e90000, 0x00000143671c0000]
 total_blobs=929 nmethods=514 adapters=328
 compilation: enabled
              stopped_count=0, restarted_count=0
 full_count=0

Compilation events (20 events):
Event: 8044.789 Thread 0x000001430286b490  524       4       org.eclipse.jdt.launching.internal.org.objectweb.asm.ClassReader::readUnsignedShort (26 bytes)
Event: 8044.792 Thread 0x000001430286b490 

Event: 8072.496 Thread 0x000001430286b490  525       4       org.eclipse.jdt.launching.internal.org.objectweb.asm.ClassReader::readUtf (161 bytes)
Event: 8072.513 Thread 0x000001430286b490 

Event: 8359.374 Thread 0x000001430286b490  526       4       org.eclipse.jdt.launching.internal.org.objectweb.asm.ClassReader::readUtf (161 bytes)
Event: 8359.374 Thread 0x0000014302873df0  528       3       org.eclipse.jdt.launching.internal.org.objectweb.asm.ClassReader::readClass (7 bytes)
Event: 8359.376 Thread 0x0000014302873df0 

Event: 8359.392 Thread 0x000001430286b490 

Event: 8359.392 Thread 0x000001430286b490  527       4       java.lang.StringUTF16::compress (50 bytes)
Event: 8359.400 Thread 0x000001430286b490 nmethod 527 0x000001436e71ac90 code [0x000001436e71ae20, 0x000001436e71b318]
Event: 8412.758 Thread 0x000001430286b490  529       4       org.eclipse.jdt.launching.internal.org.objectweb.asm.ClassReader::readUnsignedShort (26 bytes)
Event: 8412.758 Thread 0x0000014302873df0  531       3       org.eclipse.jdt.launching.internal.org.objectweb.asm.ClassReader::readInt (52 bytes)
Event: 8412.759 Thread 0x0000014302873df0 nmethod 531 0x000001436726f010 code [0x000001436726f1c0, 0x000001436726f398]
Event: 8412.759 Thread 0x0000014302873df0  530       3       org.eclipse.jdt.launching.internal.org.objectweb.asm.SymbolTable::addConstantUtf8Reference (20 bytes)
Event: 8412.762 Thread 0x000001430286b490 

Event: 8412.762 Thread 0x0000014302873df0 

Event: 8606.947 Thread 0x0000014302873df0  532       3       org.eclipse.jdt.launching.internal.org.objectweb.asm.SymbolTable::addConstantMemberReference (29 bytes)
Event: 8606.948 Thread 0x0000014302873df0 nmethod 532 0x000001436726f510 code [0x000001436726f700, 0x000001436726fac8]
Event: 8606.948 Thread 0x0000014302873df0  533       3       org.eclipse.jdt.launching.internal.org.objectweb.asm.SymbolTable$Entry::<init> (20 bytes)
Event: 8606.950 Thread 0x0000014302873df0 


GC Heap History (0 events):
No events

Deoptimization events (20 events):
Event: 0.410 Thread 0x000001436369b910 DEOPT PACKING pc=0x0000014367234d67 sp=0x00000014f9ffb7e0
Event: 0.410 Thread 0x000001436369b910 DEOPT UNPACKING pc=0x0000014366c6e77e sp=0x00000014f9ffac48 mode 0
Event: 0.412 Thread 0x000001436369b910 DEOPT PACKING pc=0x0000014367234d67 sp=0x00000014f9ff7d30
Event: 0.412 Thread 0x000001436369b910 DEOPT UNPACKING pc=0x0000014366c6e77e sp=0x00000014f9ff7198 mode 0
Event: 0.421 Thread 0x000001436369b910 DEOPT PACKING pc=0x0000014367234d67 sp=0x00000014f9ff79a0
Event: 0.421 Thread 0x000001436369b910 DEOPT UNPACKING pc=0x0000014366c6e77e sp=0x00000014f9ff6e08 mode 0
Event: 0.421 Thread 0x000001436369b910 DEOPT PACKING pc=0x0000014367234d67 sp=0x00000014f9ff79a0
Event: 0.421 Thread 0x000001436369b910 DEOPT UNPACKING pc=0x0000014366c6e77e sp=0x00000014f9ff6e08 mode 0
Event: 0.421 Thread 0x000001436369b910 DEOPT PACKING pc=0x0000014367234d67 sp=0x00000014f9ff79a0
Event: 0.421 Thread 0x000001436369b910 DEOPT UNPACKING pc=0x0000014366c6e77e sp=0x00000014f9ff6e08 mode 0
Event: 0.425 Thread 0x000001436369b910 DEOPT PACKING pc=0x0000014367234d67 sp=0x00000014f9ff79a0
Event: 0.425 Thread 0x000001436369b910 DEOPT UNPACKING pc=0x0000014366c6e77e sp=0x00000014f9ff6e08 mode 0
Event: 0.471 Thread 0x000001436369b910 Uncommon trap: trap_request=0xffffff45 fr.pc=0x000001436e6f6680 relative=0x0000000000000060
Event: 0.471 Thread 0x000001436369b910 Uncommon trap: reason=unstable_if action=reinterpret pc=0x000001436e6f6680 method=java.lang.String.isLatin1()Z @ 10 c2
Event: 0.471 Thread 0x000001436369b910 DEOPT PACKING pc=0x000001436e6f6680 sp=0x00000014f9ffea60
Event: 0.471 Thread 0x000001436369b910 DEOPT UNPACKING pc=0x0000014366c6f92e sp=0x00000014f9ffea00 mode 2
Event: 0.471 Thread 0x000001436369b910 Uncommon trap: trap_request=0xffffff45 fr.pc=0x000001436e7057e8 relative=0x0000000000000048
Event: 0.471 Thread 0x000001436369b910 Uncommon trap: reason=unstable_if action=reinterpret pc=0x000001436e7057e8 method=java.lang.CharacterData.of(I)Ljava/lang/CharacterData; @ 4 c2
Event: 0.471 Thread 0x000001436369b910 DEOPT PACKING pc=0x000001436e7057e8 sp=0x00000014f9ffe590
Event: 0.471 Thread 0x000001436369b910 DEOPT UNPACKING pc=0x0000014366c6f92e sp=0x00000014f9ffe530 mode 2

Classes unloaded (0 events):
No events

Classes redefined (18 events):
Event: 744.476 Thread 0x0000014302816a00 redefined class name=edu.iastate.cs228.hw1.ISPBusiness, count=1
Event: 973.779 Thread 0x0000014302816a00 redefined class name=edu.iastate.cs228.hw1.ISPBusiness, count=2
Event: 1965.963 Thread 0x0000014302816a00 redefined class name=edu.iastate.cs228.hw1.ISPBusiness, count=3
Event: 2027.017 Thread 0x0000014302816a00 redefined class name=edu.iastate.cs228.hw1.ISPBusiness, count=4
Event: 2122.674 Thread 0x0000014302816a00 redefined class name=edu.iastate.cs228.hw1.ISPBusiness, count=5
Event: 4160.452 Thread 0x0000014302816a00 redefined class name=edu.iastate.cs228.hw1.ISPBusiness, count=6
Event: 4218.807 Thread 0x0000014302816a00 redefined class name=edu.iastate.cs228.hw1.ISPBusiness, count=7
Event: 4512.941 Thread 0x0000014302816a00 redefined class name=edu.iastate.cs228.hw1.ISPBusiness, count=8
Event: 4550.415 Thread 0x0000014302816a00 redefined class name=edu.iastate.cs228.hw1.ISPBusiness, count=9
Event: 4921.349 Thread 0x0000014302816a00 redefined class name=edu.iastate.cs228.hw1.ISPBusiness, count=10
Event: 7940.017 Thread 0x0000014302816a00 redefined class name=edu.iastate.cs228.hw1.ISPBusiness, count=11
Event: 7972.013 Thread 0x0000014302816a00 redefined class name=edu.iastate.cs228.hw1.ISPBusiness, count=12
Event: 8044.790 Thread 0x0000014302816a00 redefined class name=edu.iastate.cs228.hw1.ISPBusiness, count=13
Event: 8072.497 Thread 0x0000014302816a00 redefined class name=edu.iastate.cs228.hw1.ISPBusiness, count=14
Event: 8359.375 Thread 0x0000014302816a00 redefined class name=edu.iastate.cs228.hw1.ISPBusiness, count=15
Event: 8412.759 Thread 0x0000014302816a00 redefined class name=edu.iastate.cs228.hw1.ISPBusiness, count=16
Event: 8480.033 Thread 0x0000014302816a00 redefined class name=edu.iastate.cs228.hw1.ISPBusiness, count=17
Event: 8606.948 Thread 0x0000014302816a00 redefined class name=edu.iastate.cs228.hw1.ISPBusiness, count=18

Internal exceptions (1 events):
Event: 0.375 Thread 0x000001436369b910 Exception <a 'java/lang/NoSuchMethodError'{0x000000071355cbf0}: 'java.lang.Object java.lang.invoke.DirectMethodHandle$Holder.invokeStatic(java.lang.Object)'> (0x000000071355cbf0) 
thrown [t:\workspace\open\src\hotspot\share\interpreter\linkResolver.cpp, line 790]

Events (20 events):
Event: 8359.385 Executing  VM operation: ChangeBreakpoints
Event: 8359.386 Executing  VM operation: ChangeBreakpoints done
Event: 8412.759 Executing  VM operation: RedefineClasses
Event: 8412.761 Executing  VM operation: RedefineClasses done
Event: 8412.768 Executing  VM operation: ChangeBreakpoints
Event: 8412.768 Executing  VM operation: ChangeBreakpoints done
Event: 8412.772 Executing  VM operation: ChangeBreakpoints
Event: 8412.772 Executing  VM operation: ChangeBreakpoints done
Event: 8480.032 Executing  VM operation: RedefineClasses
Event: 8480.034 Executing  VM operation: RedefineClasses done
Event: 8480.037 Executing  VM operation: ChangeBreakpoints
Event: 8480.038 Executing  VM operation: ChangeBreakpoints done
Event: 8480.041 Executing  VM operation: ChangeBreakpoints
Event: 8480.041 Executing  VM operation: ChangeBreakpoints done
Event: 8606.948 Executing  VM operation: RedefineClasses
Event: 8606.950 Executing  VM operation: RedefineClasses done
Event: 8606.955 Executing  VM operation: ChangeBreakpoints
Event: 8606.955 Executing  VM operation: ChangeBreakpoints done
Event: 8606.960 Executing  VM operation: ChangeBreakpoints
Event: 8606.960 Executing  VM operation: ChangeBreakpoints done


Dynamic libraries:
0x00007ff70bce0000 - 0x00007ff70bcee000 	C:\Users\charb\.p2\pool\plugins\org.eclipse.justj.openjdk.hotspot.jre.full.win32.x86_64_16.0.2.v20210721-1149\jre\bin\javaw.exe
0x00007ffc2c790000 - 0x00007ffc2c985000 	C:\WINDOWS\SYSTEM32\ntdll.dll
0x00007ffc2ad50000 - 0x00007ffc2ae0e000 	C:\WINDOWS\System32\KERNEL32.DLL
0x00007ffc2a240000 - 0x00007ffc2a509000 	C:\WINDOWS\System32\KERNELBASE.dll
0x00007ffc2a540000 - 0x00007ffc2a640000 	C:\WINDOWS\System32\ucrtbase.dll
0x00007ffc23c90000 - 0x00007ffc23ca8000 	C:\Users\charb\.p2\pool\plugins\org.eclipse.justj.openjdk.hotspot.jre.full.win32.x86_64_16.0.2.v20210721-1149\jre\bin\jli.dll
0x00007ffc23c70000 - 0x00007ffc23c89000 	C:\Users\charb\.p2\pool\plugins\org.eclipse.justj.openjdk.hotspot.jre.full.win32.x86_64_16.0.2.v20210721-1149\jre\bin\VCRUNTIME140.dll
0x00007ffc2c400000 - 0x00007ffc2c5a1000 	C:\WINDOWS\System32\USER32.dll
0x00007ffc29eb0000 - 0x00007ffc29ed2000 	C:\WINDOWS\System32\win32u.dll
0x00007ffc2c370000 - 0x00007ffc2c39b000 	C:\WINDOWS\System32\GDI32.dll
0x00007ffc10c10000 - 0x00007ffc10eaa000 	C:\WINDOWS\WinSxS\amd64_microsoft.windows.common-controls_6595b64144ccf1df_6.0.19041.1110_none_60b5254171f9507e\COMCTL32.dll
0x00007ffc2a130000 - 0x00007ffc2a23b000 	C:\WINDOWS\System32\gdi32full.dll
0x00007ffc2ae10000 - 0x00007ffc2aeae000 	C:\WINDOWS\System32\msvcrt.dll
0x00007ffc2a040000 - 0x00007ffc2a0dd000 	C:\WINDOWS\System32\msvcp_win.dll
0x00007ffc2ad20000 - 0x00007ffc2ad50000 	C:\WINDOWS\System32\IMM32.DLL
0x00007ffc23bd0000 - 0x00007ffc23bdc000 	C:\Users\charb\.p2\pool\plugins\org.eclipse.justj.openjdk.hotspot.jre.full.win32.x86_64_16.0.2.v20210721-1149\jre\bin\vcruntime140_1.dll
0x00007ffc048d0000 - 0x00007ffc04961000 	C:\Users\charb\.p2\pool\plugins\org.eclipse.justj.openjdk.hotspot.jre.full.win32.x86_64_16.0.2.v20210721-1149\jre\bin\msvcp140.dll
0x00007ffbd9780000 - 0x00007ffbda32b000 	C:\Users\charb\.p2\pool\plugins\org.eclipse.justj.openjdk.hotspot.jre.full.win32.x86_64_16.0.2.v20210721-1149\jre\bin\server\jvm.dll
0x00007ffc2c210000 - 0x00007ffc2c2bc000 	C:\WINDOWS\System32\ADVAPI32.dll
0x00007ffc2a7e0000 - 0x00007ffc2a87b000 	C:\WINDOWS\System32\sechost.dll
0x00007ffc2c620000 - 0x00007ffc2c74a000 	C:\WINDOWS\System32\RPCRT4.dll
0x00007ffc2bc20000 - 0x00007ffc2bc28000 	C:\WINDOWS\System32\PSAPI.DLL
0x00007ffc08d50000 - 0x00007ffc08d59000 	C:\WINDOWS\SYSTEM32\WSOCK32.dll
0x00007ffc23fd0000 - 0x00007ffc23ff7000 	C:\WINDOWS\SYSTEM32\WINMM.dll
0x00007ffc28c90000 - 0x00007ffc28c9a000 	C:\WINDOWS\SYSTEM32\VERSION.dll
0x00007ffc2c5b0000 - 0x00007ffc2c61b000 	C:\WINDOWS\System32\WS2_32.dll
0x00007ffc28c50000 - 0x00007ffc28c62000 	C:\WINDOWS\SYSTEM32\kernel.appcore.dll
0x00007ffc14390000 - 0x00007ffc1439a000 	C:\Users\charb\.p2\pool\plugins\org.eclipse.justj.openjdk.hotspot.jre.full.win32.x86_64_16.0.2.v20210721-1149\jre\bin\jimage.dll
0x00007ffc248c0000 - 0x00007ffc24aa4000 	C:\WINDOWS\SYSTEM32\DBGHELP.DLL
0x00007ffc23fa0000 - 0x00007ffc23fcc000 	C:\WINDOWS\SYSTEM32\dbgcore.DLL
0x00007ffc2a640000 - 0x00007ffc2a6c3000 	C:\WINDOWS\System32\bcryptPrimitives.dll
0x00007ffc211a0000 - 0x00007ffc211db000 	C:\Users\charb\.p2\pool\plugins\org.eclipse.justj.openjdk.hotspot.jre.full.win32.x86_64_16.0.2.v20210721-1149\jre\bin\jdwp.dll
0x00007ffc21190000 - 0x00007ffc2119e000 	C:\Users\charb\.p2\pool\plugins\org.eclipse.justj.openjdk.hotspot.jre.full.win32.x86_64_16.0.2.v20210721-1149\jre\bin\instrument.dll
0x00007ffbd9750000 - 0x00007ffbd9775000 	C:\Users\charb\.p2\pool\plugins\org.eclipse.justj.openjdk.hotspot.jre.full.win32.x86_64_16.0.2.v20210721-1149\jre\bin\java.dll
0x00007ffc14370000 - 0x00007ffc14388000 	C:\Users\charb\.p2\pool\plugins\org.eclipse.justj.openjdk.hotspot.jre.full.win32.x86_64_16.0.2.v20210721-1149\jre\bin\zip.dll
0x00007ffc2af60000 - 0x00007ffc2b69f000 	C:\WINDOWS\System32\SHELL32.dll
0x00007ffc284c0000 - 0x00007ffc28c50000 	C:\WINDOWS\SYSTEM32\windows.storage.dll
0x00007ffc2bc30000 - 0x00007ffc2bf85000 	C:\WINDOWS\System32\combase.dll
0x00007ffc29830000 - 0x00007ffc2985c000 	C:\WINDOWS\SYSTEM32\Wldp.dll
0x00007ffc2aeb0000 - 0x00007ffc2af5e000 	C:\WINDOWS\System32\SHCORE.dll
0x00007ffc2a9e0000 - 0x00007ffc2aa35000 	C:\WINDOWS\System32\shlwapi.dll
0x00007ffc29df0000 - 0x00007ffc29e0f000 	C:\WINDOWS\SYSTEM32\profapi.dll
0x00007ffc21180000 - 0x00007ffc2118c000 	C:\Users\charb\.p2\pool\plugins\org.eclipse.justj.openjdk.hotspot.jre.full.win32.x86_64_16.0.2.v20210721-1149\jre\bin\dt_socket.dll
0x00007ffc29280000 - 0x00007ffc292bb000 	C:\WINDOWS\SYSTEM32\IPHLPAPI.DLL
0x00007ffc29590000 - 0x00007ffc295fa000 	C:\WINDOWS\system32\mswsock.dll
0x00007ffc292c0000 - 0x00007ffc2938c000 	C:\WINDOWS\SYSTEM32\DNSAPI.dll
0x00007ffc2b720000 - 0x00007ffc2b728000 	C:\WINDOWS\System32\NSI.dll
0x00007ffc15d10000 - 0x00007ffc15d1a000 	C:\Windows\System32\rasadhlp.dll
0x00007ffc15d50000 - 0x00007ffc15dcf000 	C:\WINDOWS\System32\fwpuclnt.dll
0x00007ffc2a510000 - 0x00007ffc2a537000 	C:\WINDOWS\System32\bcrypt.dll
0x00007ffbd9730000 - 0x00007ffbd9749000 	C:\Users\charb\.p2\pool\plugins\org.eclipse.justj.openjdk.hotspot.jre.full.win32.x86_64_16.0.2.v20210721-1149\jre\bin\net.dll
0x00007ffc22020000 - 0x00007ffc22128000 	C:\WINDOWS\SYSTEM32\WINHTTP.dll
0x00007ffbd9710000 - 0x00007ffbd9723000 	C:\Users\charb\.p2\pool\plugins\org.eclipse.justj.openjdk.hotspot.jre.full.win32.x86_64_16.0.2.v20210721-1149\jre\bin\nio.dll
0x00007ffbe2cc0000 - 0x00007ffbe2cd0000 	C:\Users\charb\.p2\pool\plugins\org.eclipse.justj.openjdk.hotspot.jre.full.win32.x86_64_16.0.2.v20210721-1149\jre\bin\verify.dll

dbghelp: loaded successfully - version: 4.0.5 - missing functions: none
symbol engine: initialized successfully - sym options: 0x614 - pdb path: .;C:\Users\charb\.p2\pool\plugins\org.eclipse.justj.openjdk.hotspot.jre.full.win32.x86_64_16.0.2.v20210721-1149\jre\bin;C:\WINDOWS\SYSTEM32;C:\WINDOWS\WinSxS\amd64_microsoft.windows.common-controls_6595b64144ccf1df_6.0.19041.1110_none_60b5254171f9507e;C:\Users\charb\.p2\pool\plugins\org.eclipse.justj.openjdk.hotspot.jre.full.win32.x86_64_16.0.2.v20210721-1149\jre\bin\server

VM Arguments:
jvm_args: -XX:+ShowCodeDetailsInExceptionMessages -agentlib:jdwp=transport=dt_socket,suspend=y,address=localhost:57993 -javaagent:C:\Users\charb\OneDrive\Desktop\eclipse\configuration\org.eclipse.osgi\222\0\.cp\lib\javaagent-shaded.jar -Dfile.encoding=Cp1252 
java_command: edu.iastate.cs228.hw1.ISPBusiness
java_class_path (initial): C:\Users\charb\OneDrive\Desktop\CS_HW1\bin;C:\Users\charb\.p2\pool\plugins\org.junit.jupiter.api_5.7.1.v20210222-1948.jar;C:\Users\charb\.p2\pool\plugins\org.junit.jupiter.engine_5.7.1.v20210222-1948.jar;C:\Users\charb\.p2\pool\plugins\org.junit.jupiter.migrationsupport_5.7.1.v20210222-1948.jar;C:\Users\charb\.p2\pool\plugins\org.junit.jupiter.params_5.7.1.v20210222-1948.jar;C:\Users\charb\.p2\pool\plugins\org.junit.platform.commons_1.7.1.v20210222-1948.jar;C:\Users\charb\.p2\pool\plugins\org.junit.platform.engine_1.7.1.v20210222-1948.jar;C:\Users\charb\.p2\pool\plugins\org.junit.platform.launcher_1.7.1.v20210222-1948.jar;C:\Users\charb\.p2\pool\plugins\org.junit.platform.runner_1.7.1.v20210222-1948.jar;C:\Users\charb\.p2\pool\plugins\org.junit.platform.suite.api_1.7.1.v20210222-1948.jar;C:\Users\charb\.p2\pool\plugins\org.junit.vintage.engine_5.7.1.v20210222-1948.jar;C:\Users\charb\.p2\pool\plugins\org.opentest4j_1.2.0.v20190826-0900.jar;C:\Users\charb\.p2\pool\plugins\org.apiguardian_1.1.0.v20190826-0900.jar;C:\Users\charb\.p2\pool\plugins\org.junit_4.13.0.v20200204-1500.jar;C:\Users\charb\.p2\pool\plugins\org.hamcrest.core_1.3.0.v20180420-1519.jar
Launcher Type: SUN_STANDARD

[Global flags]
     intx CICompilerCount                          = 4                                         {product} {ergonomic}
     uint ConcGCThreads                            = 2                                         {product} {ergonomic}
     uint G1ConcRefinementThreads                  = 8                                         {product} {ergonomic}
   size_t G1HeapRegionSize                         = 2097152                                   {product} {ergonomic}
    uintx GCDrainStackTargetSize                   = 64                                        {product} {ergonomic}
   size_t InitialHeapSize                          = 266338304                                 {product} {ergonomic}
   size_t MarkStackSize                            = 4194304                                   {product} {ergonomic}
   size_t MaxHeapSize                              = 4232052736                                {product} {ergonomic}
   size_t MaxNewSize                               = 2537553920                                {product} {ergonomic}
   size_t MinHeapDeltaBytes                        = 2097152                                   {product} {ergonomic}
   size_t MinHeapSize                              = 8388608                                   {product} {ergonomic}
    uintx NonNMethodCodeHeapSize                   = 5839372                                {pd product} {ergonomic}
    uintx NonProfiledCodeHeapSize                  = 122909434                              {pd product} {ergonomic}
    uintx ProfiledCodeHeapSize                     = 122909434                              {pd product} {ergonomic}
    uintx ReservedCodeCacheSize                    = 251658240                              {pd product} {ergonomic}
     bool SegmentedCodeCache                       = true                                      {product} {ergonomic}
     bool ShowCodeDetailsInExceptionMessages       = true                                   {manageable} {command line}
   size_t SoftMaxHeapSize                          = 4232052736                             {manageable} {ergonomic}
     bool UseCompressedClassPointers               = true                           {product lp64_product} {ergonomic}
     bool UseCompressedOops                        = true                           {product lp64_product} {ergonomic}
     bool UseG1GC                                  = true                                      {product} {ergonomic}
     bool UseLargePagesIndividualAllocation        = false                                  {pd product} {ergonomic}

Logging:
Log output configuration:
 #0: stdout all=warning uptime,level,tags
 #1: stderr all=off uptime,level,tags

Environment Variables:
PATH=C:\Users\charb\.p2\pool\plugins\org.eclipse.justj.openjdk.hotspot.jre.full.win32.x86_64_16.0.2.v20210721-1149\jre\bin;C:/Users/charb/.p2/pool/plugins/org.eclipse.justj.openjdk.hotspot.jre.full.win32.x86_64_16.0.2.v20210721-1149/jre/bin/server;C:/Users/charb/.p2/pool/plugins/org.eclipse.justj.openjdk.hotspot.jre.full.win32.x86_64_16.0.2.v20210721-1149/jre/bin;C:\Program Files\AdoptOpenJDK\jdk-11.0.10.9-hotspot\bin;C:\WINDOWS\system32;C:\WINDOWS;C:\WINDOWS\System32\Wbem;C:\WINDOWS\System32\WindowsPowerShell\v1.0\;C:\WINDOWS\System32\OpenSSH\;C:\MinGW\bin;C:\Git\cmd;C:\Users\charb\AppData\Local\Microsoft\WindowsApps;;C:\Users\charb\OneDrive\Desktop\eclipse;
USERNAME=charb
OS=Windows_NT
PROCESSOR_IDENTIFIER=Intel64 Family 6 Model 126 Stepping 5, GenuineIntel



---------------  S Y S T E M  ---------------

OS:
 Windows 10 , 64 bit Build 19041 (10.0.19041.1202)
OS uptime: 0 days 19:33 hours

CPU: total 8 (initial active 8) (4 cores per cpu, 2 threads per core) family 6 model 126 stepping 5 microcode 0x56, cx8, cmov, fxsr, ht, mmx, 3dnowpref, sse, sse2, sse3, ssse3, sse4.1, sse4.2, popcnt, lzcnt, tsc, tscinvbit, avx, avx2, aes, erms, clmul, bmi1, bmi2, adx, avx512f, avx512dq, avx512cd, avx512bw, avx512vl, sha, fma, vzeroupper, avx512_vpopcntdq, avx512_vpclmulqdq, avx512_vaes, avx512_vnni, clflush, clflushopt, avx512_vmbi2, avx512_vmbi

Memory: 4k page, system-wide physical 16138M (8091M free)
TotalPageFile size 18570M (AvailPageFile size 1944M)
current process WorkingSet (physical memory assigned to process): 48M, peak: 51M
current process commit charge ("private bytes"): 343M, peak: 345M

vm_info: OpenJDK 64-Bit Server VM (16.0.2+7-67) for windows-amd64 JRE (16.0.2+7-67), built on Jun  8 2021 23:21:43 by "mach5one" with MS VC++ 16.7 (VS2019)

END.
